2022.07.10 19:38:50 INFO  tracing is disabled for protocol LSP, to enable tracing of incoming and outgoing JSON messages create an empty file at c:\Users\Asus\Desktop\WorkSpace\Scala\Labsheet_1\.metals\lsp.trace.json or C:\Users\Asus\AppData\Local\scalameta\metals\cache\lsp.trace.json[0m
2022.07.10 19:38:51 INFO  logging to file C:\Users\Asus\Desktop\WorkSpace\Scala\Labsheet_1\.metals\metals.log[0m
2022.07.10 19:38:51 INFO  Started: Metals version 0.11.7 in workspace 'C:\Users\Asus\Desktop\WorkSpace\Scala\Labsheet_1' for client Visual Studio Code 1.69.0.[0m
2022.07.10 19:38:53 INFO  time: initialize in 1.4s[0m
2022.07.10 19:38:53 WARN  Flyway upgrade recommended: H2 2.1.214 is newer than this version of Flyway and support has not been tested. The latest supported version of H2 is 2.1.210.[0m
2022.07.10 19:38:54 WARN  Build server is not auto-connectable.[0m
2022.07.10 19:38:54 WARN  no build tool detected in workspace 'C:\Users\Asus\Desktop\WorkSpace\Scala\Labsheet_1'. The most common cause for this problem is that the editor was opened in the wrong working directory, for example if you use sbt then the workspace directory should contain build.sbt. [0m
2022.07.10 19:38:57 WARN  no build target for: C:\Users\Asus\Desktop\WorkSpace\Scala\Labsheet_1\Q4_b.scala[0m
2022.07.10 19:39:02 INFO  no build target found for C:\Users\Asus\Desktop\WorkSpace\Scala\Labsheet_1\Q4_b.scala. Using presentation compiler with project's scala-library version: 3.1.3[0m
2022.07.10 19:39:06 INFO  time: code lens generation in 4.25s[0m
2022.07.10 19:39:06 INFO  time: code lens generation in 4.25s[0m
2022.07.10 19:39:06 INFO  time: code lens generation in 8.46s[0m
2022.07.10 19:39:06 INFO  time: code lens generation in 8.46s[0m
2022.07.10 20:37:12 WARN  no build target for: C:\Users\Asus\Desktop\WorkSpace\Scala\Labsheet_1\Q4_a.scala[0m
2022.07.10 20:37:15 WARN  no build target for: C:\Users\Asus\Desktop\WorkSpace\Scala\Labsheet_1\Q3.scala[0m
Jul 10, 2022 8:37:21 PM org.eclipse.lsp4j.jsonrpc.RemoteEndpoint handleCancellation
WARNING: Unmatched cancel notification for request id 42
Jul 10, 2022 8:38:41 PM org.eclipse.lsp4j.jsonrpc.RemoteEndpoint handleCancellation
WARNING: Unmatched cancel notification for request id 178
2022.07.10 20:39:57 WARN  no build target for: C:\Users\Asus\Desktop\WorkSpace\Scala\Labsheet_1\Q3.scala[0m
2022.07.10 20:39:59 WARN  no build target for: C:\Users\Asus\Desktop\WorkSpace\Scala\Labsheet_1\Q3.scala[0m
2022.07.10 20:40:56 WARN  no build target for: C:\Users\Asus\Desktop\WorkSpace\Scala\Labsheet_1\Q3.scala[0m
2022.07.10 20:40:57 WARN  no build target for: C:\Users\Asus\Desktop\WorkSpace\Scala\Labsheet_1\Q3.scala[0m
2022.07.10 21:21:25 WARN  no build target for: C:\Users\Asus\Desktop\WorkSpace\Scala\Labsheet_1\Q4_b.scala[0m
2022.07.10 21:39:30 WARN  no build target for: C:\Users\Asus\Desktop\WorkSpace\Scala\Labsheet_1\Q3.scala[0m
2022.07.10 21:39:31 WARN  no build target for: C:\Users\Asus\Desktop\WorkSpace\Scala\Labsheet_1\Q3.scala[0m
2022.07.10 21:39:57 WARN  no build target for: C:\Users\Asus\Desktop\WorkSpace\Scala\Labsheet_1\Q3.scala[0m
2022.07.10 21:39:58 WARN  no build target for: C:\Users\Asus\Desktop\WorkSpace\Scala\Labsheet_1\Q3.scala[0m
2022.07.10 21:40:18 WARN  no build target for: C:\Users\Asus\Desktop\WorkSpace\Scala\Labsheet_1\Q3.scala[0m
2022.07.10 21:40:19 WARN  no build target for: C:\Users\Asus\Desktop\WorkSpace\Scala\Labsheet_1\Q3.scala[0m
2022.07.10 21:41:47 WARN  no build target for: C:\Users\Asus\Desktop\WorkSpace\Scala\Labsheet_1\Q3.scala[0m
2022.07.10 21:41:48 WARN  no build target for: C:\Users\Asus\Desktop\WorkSpace\Scala\Labsheet_1\Q3.scala[0m
2022.07.10 21:42:40 WARN  no build target for: C:\Users\Asus\Desktop\WorkSpace\Scala\Labsheet_1\Q3.scala[0m
2022.07.10 21:42:42 WARN  no build target for: C:\Users\Asus\Desktop\WorkSpace\Scala\Labsheet_1\Q3.scala[0m
2022.07.10 21:43:43 WARN  no build target for: C:\Users\Asus\Desktop\WorkSpace\Scala\Labsheet_1\Q3.scala[0m
2022.07.10 21:44:26 WARN  no build target for: C:\Users\Asus\Desktop\WorkSpace\Scala\Labsheet_1\Q3.scala[0m
2022.07.10 21:44:30 WARN  no build target for: C:\Users\Asus\Desktop\WorkSpace\Scala\Labsheet_1\Q3.scala[0m
